/home/despoB/dlurie/anaconda3/envs/sandbox/lib/python3.5/site-packages/scipy/ndimage/interpolation.py:462: UserWarning: The behaviour of affine_transform with a one-dimensional array supplied for the matrix parameter has changed in scipy 0.18.0.
  "The behaviour of affine_transform with a one-dimensional "
Subject 102...
Mask: sub-102_task-DistractWM_run-03_bold_space-MNI152NLin2009cAsym_brainmask.nii.gz
...calculating EPI mask coverage...
...saving coverage data...
...Done!
Mask: sub-102_task-DistractWM_run-02_bold_space-MNI152NLin2009cAsym_brainmask.nii.gz
...calculating EPI mask coverage...
...saving coverage data...
...Done!
Mask: sub-102_task-DistractWM_run-04_bold_space-MNI152NLin2009cAsym_brainmask.nii.gz
...calculating EPI mask coverage...
...saving coverage data...
...Done!
Mask: sub-102_task-DistractWM_run-06_bold_space-MNI152NLin2009cAsym_brainmask.nii.gz
...calculating EPI mask coverage...
...saving coverage data...
...Done!
Mask: sub-102_task-DistractWM_run-05_bold_space-MNI152NLin2009cAsym_brainmask.nii.gz
...calculating EPI mask coverage...
...saving coverage data...
...Done!
Mask: sub-102_task-DistractWM_run-01_bold_space-MNI152NLin2009cAsym_brainmask.nii.gz
...calculating EPI mask coverage...
...saving coverage data...
...Done!
Mask: sub-102_task-rest_bold_space-MNI152NLin2009cAsym_brainmask.nii.gz
...calculating EPI mask coverage...
...saving coverage data...
...Done!
Mask: sub-102_task-DistractWM_run-07_bold_space-MNI152NLin2009cAsym_brainmask.nii.gz
...calculating EPI mask coverage...
...saving coverage data...
...Done!
Mask: sub-102_task-DistractWM_run-08_bold_space-MNI152NLin2009cAsym_brainmask.nii.gz
...calculating EPI mask coverage...
...saving coverage data...
...Done!
Subject 103...
Mask: sub-103_task-DistractWM_run-06_bold_space-MNI152NLin2009cAsym_brainmask.nii.gz
...calculating EPI mask coverage...
...saving coverage data...
...Done!
Mask: sub-103_task-DistractWM_run-04_bold_space-MNI152NLin2009cAsym_brainmask.nii.gz
...calculating EPI mask coverage...
...saving coverage data...
...Done!
Mask: sub-103_task-DistractWM_run-05_bold_space-MNI152NLin2009cAsym_brainmask.nii.gz
...calculating EPI mask coverage...
...saving coverage data...
...Done!
Mask: sub-103_task-DistractWM_run-01_bold_space-MNI152NLin2009cAsym_brainmask.nii.gz
...calculating EPI mask coverage...
...saving coverage data...
...Done!
Mask: sub-103_task-DistractWM_run-03_bold_space-MNI152NLin2009cAsym_brainmask.nii.gz
...calculating EPI mask coverage...
...saving coverage data...
...Done!
Mask: sub-103_task-DistractWM_run-02_bold_space-MNI152NLin2009cAsym_brainmask.nii.gz
...calculating EPI mask coverage...
...saving coverage data...
...Done!
Mask: sub-103_task-DistractWM_run-07_bold_space-MNI152NLin2009cAsym_brainmask.nii.gz
...calculating EPI mask coverage...
...saving coverage data...
...Done!
Mask: sub-103_task-DistractWM_run-08_bold_space-MNI152NLin2009cAsym_brainmask.nii.gz
...calculating EPI mask coverage...
...saving coverage data...
...Done!
Mask: sub-103_task-rest_bold_space-MNI152NLin2009cAsym_brainmask.nii.gz
...calculating EPI mask coverage...
...saving coverage data...
...Done!
Subject 104...
Mask: sub-104_task-DistractWM_run-06_bold_space-MNI152NLin2009cAsym_brainmask.nii.gz
...calculating EPI mask coverage...
...saving coverage data...
...Done!
Mask: sub-104_task-DistractWM_run-02_bold_space-MNI152NLin2009cAsym_brainmask.nii.gz
...calculating EPI mask coverage...
...saving coverage data...
...Done!
Mask: sub-104_task-DistractWM_run-03_bold_space-MNI152NLin2009cAsym_brainmask.nii.gz
...calculating EPI mask coverage...
...saving coverage data...
...Done!
Mask: sub-104_task-DistractWM_run-01_bold_space-MNI152NLin2009cAsym_brainmask.nii.gz
...calculating EPI mask coverage...
...saving coverage data...
...Done!
Mask: sub-104_task-DistractWM_run-04_bold_space-MNI152NLin2009cAsym_brainmask.nii.gz
...calculating EPI mask coverage...
...saving coverage data...
...Done!
Mask: sub-104_task-DistractWM_run-05_bold_space-MNI152NLin2009cAsym_brainmask.nii.gz
...calculating EPI mask coverage...
...saving coverage data...
...Done!
Mask: sub-104_task-DistractWM_run-07_bold_space-MNI152NLin2009cAsym_brainmask.nii.gz
...calculating EPI mask coverage...
...saving coverage data...
...Done!
Mask: sub-104_task-DistractWM_run-09_bold_space-MNI152NLin2009cAsym_brainmask.nii.gz
...calculating EPI mask coverage...
...saving coverage data...
...Done!
Mask: sub-104_task-DistractWM_run-08_bold_space-MNI152NLin2009cAsym_brainmask.nii.gz
...calculating EPI mask coverage...
...saving coverage data...
...Done!
Mask: sub-104_task-rest_bold_space-MNI152NLin2009cAsym_brainmask.nii.gz
...calculating EPI mask coverage...
...saving coverage data...
...Done!
Mask: sub-104_task-DistractWM_run-10_bold_space-MNI152NLin2009cAsym_brainmask.nii.gz
...calculating EPI mask coverage...
...saving coverage data...
...Done!
Subject 105...
Mask: sub-105_task-DistractWM_run-01_bold_space-MNI152NLin2009cAsym_brainmask.nii.gz
...calculating EPI mask coverage...
...saving coverage data...
...Done!
Mask: sub-105_task-DistractWM_run-02_bold_space-MNI152NLin2009cAsym_brainmask.nii.gz
...calculating EPI mask coverage...
...saving coverage data...
...Done!
Mask: sub-105_task-DistractWM_run-03_bold_space-MNI152NLin2009cAsym_brainmask.nii.gz
...calculating EPI mask coverage...
...saving coverage data...
...Done!
Mask: sub-105_task-DistractWM_run-04_bold_space-MNI152NLin2009cAsym_brainmask.nii.gz
...calculating EPI mask coverage...
...saving coverage data...
...Done!
Mask: sub-105_task-DistractWM_run-06_bold_space-MNI152NLin2009cAsym_brainmask.nii.gz
...calculating EPI mask coverage...
...saving coverage data...
...Done!
Mask: sub-105_task-DistractWM_run-05_bold_space-MNI152NLin2009cAsym_brainmask.nii.gz
...calculating EPI mask coverage...
...saving coverage data...
...Done!
Mask: sub-105_task-rest_bold_space-MNI152NLin2009cAsym_brainmask.nii.gz
...calculating EPI mask coverage...
...saving coverage data...
...Done!
Mask: sub-105_task-DistractWM_run-07_bold_space-MNI152NLin2009cAsym_brainmask.nii.gz
...calculating EPI mask coverage...
...saving coverage data...
...Done!
Mask: sub-105_task-DistractWM_run-09_bold_space-MNI152NLin2009cAsym_brainmask.nii.gz
...calculating EPI mask coverage...
...saving coverage data...
...Done!
Mask: sub-105_task-DistractWM_run-08_bold_space-MNI152NLin2009cAsym_brainmask.nii.gz
...calculating EPI mask coverage...
...saving coverage data...
...Done!
Mask: sub-105_task-DistractWM_run-10_bold_space-MNI152NLin2009cAsym_brainmask.nii.gz
...calculating EPI mask coverage...
...saving coverage data...
...Done!
Subject 106...
Mask: sub-106_task-DistractWM_run-01_bold_space-MNI152NLin2009cAsym_brainmask.nii.gz
...calculating EPI mask coverage...
...saving coverage data...
...Done!
Mask: sub-106_task-DistractWM_run-02_bold_space-MNI152NLin2009cAsym_brainmask.nii.gz
...calculating EPI mask coverage...
...saving coverage data...
...Done!
Mask: sub-106_task-DistractWM_run-03_bold_space-MNI152NLin2009cAsym_brainmask.nii.gz
...calculating EPI mask coverage...
...saving coverage data...
...Done!
Mask: sub-106_task-DistractWM_run-04_bold_space-MNI152NLin2009cAsym_brainmask.nii.gz
...calculating EPI mask coverage...
...saving coverage data...
...Done!
Mask: sub-106_task-DistractWM_run-06_bold_space-MNI152NLin2009cAsym_brainmask.nii.gz
...calculating EPI mask coverage...
...saving coverage data...
...Done!
Mask: sub-106_task-DistractWM_run-05_bold_space-MNI152NLin2009cAsym_brainmask.nii.gz
...calculating EPI mask coverage...
...saving coverage data...
...Done!
Mask: sub-106_task-rest_bold_space-MNI152NLin2009cAsym_brainmask.nii.gz
...calculating EPI mask coverage...
...saving coverage data...
...Done!
Mask: sub-106_task-DistractWM_run-07_bold_space-MNI152NLin2009cAsym_brainmask.nii.gz
...calculating EPI mask coverage...
...saving coverage data...
...Done!
Mask: sub-106_task-DistractWM_run-10_bold_space-MNI152NLin2009cAsym_brainmask.nii.gz
...calculating EPI mask coverage...
...saving coverage data...
...Done!
Mask: sub-106_task-DistractWM_run-08_bold_space-MNI152NLin2009cAsym_brainmask.nii.gz
...calculating EPI mask coverage...
...saving coverage data...
...Done!
Mask: sub-106_task-DistractWM_run-09_bold_space-MNI152NLin2009cAsym_brainmask.nii.gz
...calculating EPI mask coverage...
...saving coverage data...
...Done!
Subject 107...
Mask: sub-107_task-DistractWM_run-02_bold_space-MNI152NLin2009cAsym_brainmask.nii.gz
...calculating EPI mask coverage...
...saving coverage data...
...Done!
Mask: sub-107_task-DistractWM_run-01_bold_space-MNI152NLin2009cAsym_brainmask.nii.gz
...calculating EPI mask coverage...
...saving coverage data...
...Done!
Mask: sub-107_task-DistractWM_run-03_bold_space-MNI152NLin2009cAsym_brainmask.nii.gz
...calculating EPI mask coverage...
...saving coverage data...
...Done!
Mask: sub-107_task-DistractWM_run-04_bold_space-MNI152NLin2009cAsym_brainmask.nii.gz
...calculating EPI mask coverage...
...saving coverage data...
...Done!
Mask: sub-107_task-DistractWM_run-05_bold_space-MNI152NLin2009cAsym_brainmask.nii.gz
...calculating EPI mask coverage...
...saving coverage data...
...Done!
Mask: sub-107_task-DistractWM_run-06_bold_space-MNI152NLin2009cAsym_brainmask.nii.gz
...calculating EPI mask coverage...
...saving coverage data...
...Done!
Mask: sub-107_task-rest_bold_space-MNI152NLin2009cAsym_brainmask.nii.gz
...calculating EPI mask coverage...
...saving coverage data...
...Done!
Mask: sub-107_task-DistractWM_run-09_bold_space-MNI152NLin2009cAsym_brainmask.nii.gz
...calculating EPI mask coverage...
...saving coverage data...
...Done!
Mask: sub-107_task-DistractWM_run-10_bold_space-MNI152NLin2009cAsym_brainmask.nii.gz
...calculating EPI mask coverage...
...saving coverage data...
...Done!
Mask: sub-107_task-DistractWM_run-08_bold_space-MNI152NLin2009cAsym_brainmask.nii.gz
...calculating EPI mask coverage...
...saving coverage data...
...Done!
Mask: sub-107_task-DistractWM_run-07_bold_space-MNI152NLin2009cAsym_brainmask.nii.gz
...calculating EPI mask coverage...
...saving coverage data...
...Done!
Subject 108...
Mask: sub-108_task-DistractWM_run-01_bold_space-MNI152NLin2009cAsym_brainmask.nii.gz
...calculating EPI mask coverage...
...saving coverage data...
...Done!
Mask: sub-108_task-DistractWM_run-04_bold_space-MNI152NLin2009cAsym_brainmask.nii.gz
...calculating EPI mask coverage...
...saving coverage data...
...Done!
Mask: sub-108_task-DistractWM_run-03_bold_space-MNI152NLin2009cAsym_brainmask.nii.gz
...calculating EPI mask coverage...
...saving coverage data...
...Done!
Mask: sub-108_task-DistractWM_run-05_bold_space-MNI152NLin2009cAsym_brainmask.nii.gz
...calculating EPI mask coverage...
...saving coverage data...
...Done!
Mask: sub-108_task-DistractWM_run-02_bold_space-MNI152NLin2009cAsym_brainmask.nii.gz
...calculating EPI mask coverage...
...saving coverage data...
...Done!
Mask: sub-108_task-DistractWM_run-06_bold_space-MNI152NLin2009cAsym_brainmask.nii.gz
...calculating EPI mask coverage...
...saving coverage data...
...Done!
Mask: sub-108_task-DistractWM_run-07_bold_space-MNI152NLin2009cAsym_brainmask.nii.gz
...calculating EPI mask coverage...
...saving coverage data...
...Done!
Mask: sub-108_task-rest_bold_space-MNI152NLin2009cAsym_brainmask.nii.gz
...calculating EPI mask coverage...
...saving coverage data...
...Done!
Mask: sub-108_task-DistractWM_run-09_bold_space-MNI152NLin2009cAsym_brainmask.nii.gz
...calculating EPI mask coverage...
...saving coverage data...
...Done!
Mask: sub-108_task-DistractWM_run-08_bold_space-MNI152NLin2009cAsym_brainmask.nii.gz
...calculating EPI mask coverage...
...saving coverage data...
...Done!
Mask: sub-108_task-DistractWM_run-10_bold_space-MNI152NLin2009cAsym_brainmask.nii.gz
...calculating EPI mask coverage...
...saving coverage data...
...Done!
Subject 109...
Mask: sub-109_task-DistractWM_run-06_bold_space-MNI152NLin2009cAsym_brainmask.nii.gz
...calculating EPI mask coverage...
...saving coverage data...
...Done!
Mask: sub-109_task-DistractWM_run-05_bold_space-MNI152NLin2009cAsym_brainmask.nii.gz
...calculating EPI mask coverage...
...saving coverage data...
...Done!
Mask: sub-109_task-DistractWM_run-04_bold_space-MNI152NLin2009cAsym_brainmask.nii.gz
...calculating EPI mask coverage...
...saving coverage data...
...Done!
Mask: sub-109_task-DistractWM_run-01_bold_space-MNI152NLin2009cAsym_brainmask.nii.gz
...calculating EPI mask coverage...
...saving coverage data...
...Done!
Mask: sub-109_task-DistractWM_run-02_bold_space-MNI152NLin2009cAsym_brainmask.nii.gz
...calculating EPI mask coverage...
...saving coverage data...
...Done!
Mask: sub-109_task-DistractWM_run-03_bold_space-MNI152NLin2009cAsym_brainmask.nii.gz
...calculating EPI mask coverage...
...saving coverage data...
...Done!
Mask: sub-109_task-DistractWM_run-07_bold_space-MNI152NLin2009cAsym_brainmask.nii.gz
...calculating EPI mask coverage...
...saving coverage data...
...Done!
Mask: sub-109_task-DistractWM_run-09_bold_space-MNI152NLin2009cAsym_brainmask.nii.gz
...calculating EPI mask coverage...
...saving coverage data...
...Done!
Mask: sub-109_task-rest_bold_space-MNI152NLin2009cAsym_brainmask.nii.gz
...calculating EPI mask coverage...
...saving coverage data...
...Done!
Mask: sub-109_task-DistractWM_run-08_bold_space-MNI152NLin2009cAsym_brainmask.nii.gz
...calculating EPI mask coverage...
...saving coverage data...
...Done!
Mask: sub-109_task-DistractWM_run-10_bold_space-MNI152NLin2009cAsym_brainmask.nii.gz
...calculating EPI mask coverage...
...saving coverage data...
...Done!
Subject 110...
Mask: sub-110_task-DistractWM_run-03_bold_space-MNI152NLin2009cAsym_brainmask.nii.gz
...calculating EPI mask coverage...
...saving coverage data...
...Done!
Mask: sub-110_task-DistractWM_run-05_bold_space-MNI152NLin2009cAsym_brainmask.nii.gz
...calculating EPI mask coverage...
...saving coverage data...
...Done!
Mask: sub-110_task-DistractWM_run-06_bold_space-MNI152NLin2009cAsym_brainmask.nii.gz
...calculating EPI mask coverage...
...saving coverage data...
...Done!
Mask: sub-110_task-DistractWM_run-02_bold_space-MNI152NLin2009cAsym_brainmask.nii.gz
...calculating EPI mask coverage...
...saving coverage data...
...Done!
Mask: sub-110_task-DistractWM_run-04_bold_space-MNI152NLin2009cAsym_brainmask.nii.gz
...calculating EPI mask coverage...
...saving coverage data...
...Done!
Mask: sub-110_task-DistractWM_run-01_bold_space-MNI152NLin2009cAsym_brainmask.nii.gz
...calculating EPI mask coverage...
...saving coverage data...
...Done!
Mask: sub-110_task-rest_bold_space-MNI152NLin2009cAsym_brainmask.nii.gz
...calculating EPI mask coverage...
...saving coverage data...
...Done!
Mask: sub-110_task-DistractWM_run-07_bold_space-MNI152NLin2009cAsym_brainmask.nii.gz
...calculating EPI mask coverage...
...saving coverage data...
...Done!
Subject 111...
Mask: sub-111_task-DistractWM_run-06_bold_space-MNI152NLin2009cAsym_brainmask.nii.gz
...calculating EPI mask coverage...
...saving coverage data...
...Done!
Mask: sub-111_task-DistractWM_run-07_bold_space-MNI152NLin2009cAsym_brainmask.nii.gz
...calculating EPI mask coverage...
...saving coverage data...
...Done!
Mask: sub-111_task-DistractWM_run-05_bold_space-MNI152NLin2009cAsym_brainmask.nii.gz
...calculating EPI mask coverage...
...saving coverage data...
...Done!
Mask: sub-111_task-rest_bold_space-MNI152NLin2009cAsym_brainmask.nii.gz
...calculating EPI mask coverage...
...saving coverage data...
...Done!
Mask: sub-111_task-DistractWM_run-04_bold_space-MNI152NLin2009cAsym_brainmask.nii.gz
...calculating EPI mask coverage...
...saving coverage data...
...Done!
Mask: sub-111_task-DistractWM_run-03_bold_space-MNI152NLin2009cAsym_brainmask.nii.gz
...calculating EPI mask coverage...
...saving coverage data...
...Done!
Mask: sub-111_task-DistractWM_run-02_bold_space-MNI152NLin2009cAsym_brainmask.nii.gz
...calculating EPI mask coverage...
...saving coverage data...
...Done!
Mask: sub-111_task-DistractWM_run-01_bold_space-MNI152NLin2009cAsym_brainmask.nii.gz
...calculating EPI mask coverage...
...saving coverage data...
...Done!
Subject 112...
Mask: sub-112_task-DistractWM_run-06_bold_space-MNI152NLin2009cAsym_brainmask.nii.gz
...calculating EPI mask coverage...
...saving coverage data...
...Done!
Mask: sub-112_task-DistractWM_run-04_bold_space-MNI152NLin2009cAsym_brainmask.nii.gz
...calculating EPI mask coverage...
...saving coverage data...
...Done!
Mask: sub-112_task-DistractWM_run-03_bold_space-MNI152NLin2009cAsym_brainmask.nii.gz
...calculating EPI mask coverage...
...saving coverage data...
...Done!
Mask: sub-112_task-DistractWM_run-05_bold_space-MNI152NLin2009cAsym_brainmask.nii.gz
...calculating EPI mask coverage...
...saving coverage data...
...Done!
Mask: sub-112_task-DistractWM_run-01_bold_space-MNI152NLin2009cAsym_brainmask.nii.gz
...calculating EPI mask coverage...
...saving coverage data...
...Done!
Mask: sub-112_task-DistractWM_run-02_bold_space-MNI152NLin2009cAsym_brainmask.nii.gz
...calculating EPI mask coverage...
...saving coverage data...
...Done!
Mask: sub-112_task-DistractWM_run-07_bold_space-MNI152NLin2009cAsym_brainmask.nii.gz
...calculating EPI mask coverage...
...saving coverage data...
...Done!
Mask: sub-112_task-DistractWM_run-09_bold_space-MNI152NLin2009cAsym_brainmask.nii.gz
...calculating EPI mask coverage...
...saving coverage data...
...Done!
Mask: sub-112_task-DistractWM_run-10_bold_space-MNI152NLin2009cAsym_brainmask.nii.gz
...calculating EPI mask coverage...
...saving coverage data...
...Done!
Mask: sub-112_task-rest_bold_space-MNI152NLin2009cAsym_brainmask.nii.gz
...calculating EPI mask coverage...
...saving coverage data...
...Done!
Mask: sub-112_task-DistractWM_run-08_bold_space-MNI152NLin2009cAsym_brainmask.nii.gz
...calculating EPI mask coverage...
...saving coverage data...
...Done!
Subject 113...
Mask: sub-113_task-rest_bold_space-MNI152NLin2009cAsym_brainmask.nii.gz
...calculating EPI mask coverage...
...saving coverage data...
...Done!
Mask: sub-113_task-DistractWM_run-01_bold_space-MNI152NLin2009cAsym_brainmask.nii.gz
...calculating EPI mask coverage...
...saving coverage data...
...Done!
Mask: sub-113_task-DistractWM_run-02_bold_space-MNI152NLin2009cAsym_brainmask.nii.gz
...calculating EPI mask coverage...
...saving coverage data...
...Done!
Mask: sub-113_task-DistractWM_run-03_bold_space-MNI152NLin2009cAsym_brainmask.nii.gz
...calculating EPI mask coverage...
...saving coverage data...
...Done!
Subject 114...
Mask: sub-114_task-DistractWM_run-02_bold_space-MNI152NLin2009cAsym_brainmask.nii.gz
...calculating EPI mask coverage...
...saving coverage data...
...Done!
Mask: sub-114_task-DistractWM_run-03_bold_space-MNI152NLin2009cAsym_brainmask.nii.gz
...calculating EPI mask coverage...
...saving coverage data...
...Done!
Mask: sub-114_task-DistractWM_run-06_bold_space-MNI152NLin2009cAsym_brainmask.nii.gz
...calculating EPI mask coverage...
...saving coverage data...
...Done!
Mask: sub-114_task-DistractWM_run-05_bold_space-MNI152NLin2009cAsym_brainmask.nii.gz
...calculating EPI mask coverage...
...saving coverage data...
...Done!
Mask: sub-114_task-DistractWM_run-04_bold_space-MNI152NLin2009cAsym_brainmask.nii.gz
...calculating EPI mask coverage...
...saving coverage data...
...Done!
Mask: sub-114_task-DistractWM_run-01_bold_space-MNI152NLin2009cAsym_brainmask.nii.gz
...calculating EPI mask coverage...
...saving coverage data...
...Done!
Mask: sub-114_task-DistractWM_run-07_bold_space-MNI152NLin2009cAsym_brainmask.nii.gz
...calculating EPI mask coverage...
...saving coverage data...
...Done!
Mask: sub-114_task-DistractWM_run-08_bold_space-MNI152NLin2009cAsym_brainmask.nii.gz
...calculating EPI mask coverage...
...saving coverage data...
...Done!
Mask: sub-114_task-rest_bold_space-MNI152NLin2009cAsym_brainmask.nii.gz
...calculating EPI mask coverage...
...saving coverage data...
...Done!
Mask: sub-114_task-DistractWM_run-10_bold_space-MNI152NLin2009cAsym_brainmask.nii.gz
...calculating EPI mask coverage...
...saving coverage data...
...Done!
Mask: sub-114_task-DistractWM_run-09_bold_space-MNI152NLin2009cAsym_brainmask.nii.gz
...calculating EPI mask coverage...
...saving coverage data...
...Done!
Subject 115...
Mask: sub-115_task-DistractWM_run-02_bold_space-MNI152NLin2009cAsym_brainmask.nii.gz
...calculating EPI mask coverage...
...saving coverage data...
...Done!
Mask: sub-115_task-DistractWM_run-03_bold_space-MNI152NLin2009cAsym_brainmask.nii.gz
...calculating EPI mask coverage...
...saving coverage data...
...Done!
Mask: sub-115_task-DistractWM_run-06_bold_space-MNI152NLin2009cAsym_brainmask.nii.gz
...calculating EPI mask coverage...
...saving coverage data...
...Done!
Mask: sub-115_task-DistractWM_run-04_bold_space-MNI152NLin2009cAsym_brainmask.nii.gz
...calculating EPI mask coverage...
...saving coverage data...
...Done!
Mask: sub-115_task-DistractWM_run-05_bold_space-MNI152NLin2009cAsym_brainmask.nii.gz
...calculating EPI mask coverage...
...saving coverage data...
...Done!
Mask: sub-115_task-DistractWM_run-01_bold_space-MNI152NLin2009cAsym_brainmask.nii.gz
...calculating EPI mask coverage...
...saving coverage data...
...Done!
Mask: sub-115_task-rest_bold_space-MNI152NLin2009cAsym_brainmask.nii.gz
...calculating EPI mask coverage...
...saving coverage data...
...Done!
Mask: sub-115_task-DistractWM_run-08_bold_space-MNI152NLin2009cAsym_brainmask.nii.gz
...calculating EPI mask coverage...
...saving coverage data...
...Done!
Mask: sub-115_task-DistractWM_run-10_bold_space-MNI152NLin2009cAsym_brainmask.nii.gz
...calculating EPI mask coverage...
...saving coverage data...
...Done!
Mask: sub-115_task-DistractWM_run-09_bold_space-MNI152NLin2009cAsym_brainmask.nii.gz
...calculating EPI mask coverage...
...saving coverage data...
...Done!
Mask: sub-115_task-DistractWM_run-07_bold_space-MNI152NLin2009cAsym_brainmask.nii.gz
...calculating EPI mask coverage...
...saving coverage data...
...Done!
Subject 116...
Mask: sub-116_task-DistractWM_run-02_bold_space-MNI152NLin2009cAsym_brainmask.nii.gz
...calculating EPI mask coverage...
...saving coverage data...
...Done!
Mask: sub-116_task-DistractWM_run-03_bold_space-MNI152NLin2009cAsym_brainmask.nii.gz
...calculating EPI mask coverage...
...saving coverage data...
...Done!
Mask: sub-116_task-DistractWM_run-04_bold_space-MNI152NLin2009cAsym_brainmask.nii.gz
...calculating EPI mask coverage...
...saving coverage data...
...Done!
Mask: sub-116_task-DistractWM_run-05_bold_space-MNI152NLin2009cAsym_brainmask.nii.gz
...calculating EPI mask coverage...
...saving coverage data...
...Done!
Mask: sub-116_task-DistractWM_run-06_bold_space-MNI152NLin2009cAsym_brainmask.nii.gz
...calculating EPI mask coverage...
...saving coverage data...
...Done!
Mask: sub-116_task-DistractWM_run-01_bold_space-MNI152NLin2009cAsym_brainmask.nii.gz
...calculating EPI mask coverage...
...saving coverage data...
...Done!
Mask: sub-116_task-DistractWM_run-08_bold_space-MNI152NLin2009cAsym_brainmask.nii.gz
...calculating EPI mask coverage...
...saving coverage data...
...Done!
Mask: sub-116_task-rest_bold_space-MNI152NLin2009cAsym_brainmask.nii.gz
...calculating EPI mask coverage...
...saving coverage data...
...Done!
Mask: sub-116_task-DistractWM_run-09_bold_space-MNI152NLin2009cAsym_brainmask.nii.gz
...calculating EPI mask coverage...
...saving coverage data...
...Done!
Mask: sub-116_task-DistractWM_run-07_bold_space-MNI152NLin2009cAsym_brainmask.nii.gz
...calculating EPI mask coverage...
...saving coverage data...
...Done!
Mask: sub-116_task-DistractWM_run-10_bold_space-MNI152NLin2009cAsym_brainmask.nii.gz
...calculating EPI mask coverage...
...saving coverage data...
...Done!
Subject 117...
Mask: sub-117_task-DistractWM_run-08_bold_space-MNI152NLin2009cAsym_brainmask.nii.gz
...calculating EPI mask coverage...
...saving coverage data...
...Done!
Mask: sub-117_task-DistractWM_run-06_bold_space-MNI152NLin2009cAsym_brainmask.nii.gz
...calculating EPI mask coverage...
...saving coverage data...
...Done!
Mask: sub-117_task-DistractWM_run-09_bold_space-MNI152NLin2009cAsym_brainmask.nii.gz
...calculating EPI mask coverage...
...saving coverage data...
...Done!
Mask: sub-117_task-DistractWM_run-10_bold_space-MNI152NLin2009cAsym_brainmask.nii.gz
...calculating EPI mask coverage...
...saving coverage data...
...Done!
Mask: sub-117_task-DistractWM_run-07_bold_space-MNI152NLin2009cAsym_brainmask.nii.gz
...calculating EPI mask coverage...
...saving coverage data...
...Done!
Mask: sub-117_task-rest_bold_space-MNI152NLin2009cAsym_brainmask.nii.gz
...calculating EPI mask coverage...
...saving coverage data...
...Done!
Mask: sub-117_task-DistractWM_run-03_bold_space-MNI152NLin2009cAsym_brainmask.nii.gz
...calculating EPI mask coverage...
...saving coverage data...
...Done!
Mask: sub-117_task-DistractWM_run-05_bold_space-MNI152NLin2009cAsym_brainmask.nii.gz
...calculating EPI mask coverage...
...saving coverage data...
...Done!
Mask: sub-117_task-DistractWM_run-04_bold_space-MNI152NLin2009cAsym_brainmask.nii.gz
...calculating EPI mask coverage...
...saving coverage data...
...Done!
Mask: sub-117_task-DistractWM_run-02_bold_space-MNI152NLin2009cAsym_brainmask.nii.gz
...calculating EPI mask coverage...
...saving coverage data...
...Done!
Mask: sub-117_task-DistractWM_run-01_bold_space-MNI152NLin2009cAsym_brainmask.nii.gz
...calculating EPI mask coverage...
...saving coverage data...
...Done!
Subject 118...
Mask: sub-118_task-DistractWM_run-01_bold_space-MNI152NLin2009cAsym_brainmask.nii.gz
...calculating EPI mask coverage...
...saving coverage data...
...Done!
Mask: sub-118_task-DistractWM_run-04_bold_space-MNI152NLin2009cAsym_brainmask.nii.gz
...calculating EPI mask coverage...
...saving coverage data...
...Done!
Mask: sub-118_task-DistractWM_run-05_bold_space-MNI152NLin2009cAsym_brainmask.nii.gz
...calculating EPI mask coverage...
...saving coverage data...
...Done!
Mask: sub-118_task-DistractWM_run-06_bold_space-MNI152NLin2009cAsym_brainmask.nii.gz
...calculating EPI mask coverage...
...saving coverage data...
...Done!
Mask: sub-118_task-DistractWM_run-03_bold_space-MNI152NLin2009cAsym_brainmask.nii.gz
...calculating EPI mask coverage...
...saving coverage data...
...Done!
Mask: sub-118_task-DistractWM_run-02_bold_space-MNI152NLin2009cAsym_brainmask.nii.gz
...calculating EPI mask coverage...
...saving coverage data...
...Done!
Mask: sub-118_task-rest_bold_space-MNI152NLin2009cAsym_brainmask.nii.gz
...calculating EPI mask coverage...
...saving coverage data...
...Done!
Mask: sub-118_task-DistractWM_run-07_bold_space-MNI152NLin2009cAsym_brainmask.nii.gz
...calculating EPI mask coverage...
...saving coverage data...
...Done!
Mask: sub-118_task-DistractWM_run-09_bold_space-MNI152NLin2009cAsym_brainmask.nii.gz
...calculating EPI mask coverage...
...saving coverage data...
...Done!
Mask: sub-118_task-DistractWM_run-10_bold_space-MNI152NLin2009cAsym_brainmask.nii.gz
...calculating EPI mask coverage...
...saving coverage data...
...Done!
Mask: sub-118_task-DistractWM_run-08_bold_space-MNI152NLin2009cAsym_brainmask.nii.gz
...calculating EPI mask coverage...
...saving coverage data...
...Done!
Subject 119...
Mask: sub-119_task-DistractWM_run-03_bold_space-MNI152NLin2009cAsym_brainmask.nii.gz
...calculating EPI mask coverage...
...saving coverage data...
...Done!
Mask: sub-119_task-DistractWM_run-05_bold_space-MNI152NLin2009cAsym_brainmask.nii.gz
...calculating EPI mask coverage...
...saving coverage data...
...Done!
Mask: sub-119_task-DistractWM_run-06_bold_space-MNI152NLin2009cAsym_brainmask.nii.gz
...calculating EPI mask coverage...
...saving coverage data...
...Done!
Mask: sub-119_task-DistractWM_run-02_bold_space-MNI152NLin2009cAsym_brainmask.nii.gz
...calculating EPI mask coverage...
...saving coverage data...
...Done!
Mask: sub-119_task-DistractWM_run-04_bold_space-MNI152NLin2009cAsym_brainmask.nii.gz
...calculating EPI mask coverage...
...saving coverage data...
...Done!
Mask: sub-119_task-DistractWM_run-01_bold_space-MNI152NLin2009cAsym_brainmask.nii.gz
...calculating EPI mask coverage...
...saving coverage data...
...Done!
Mask: sub-119_task-DistractWM_run-07_bold_space-MNI152NLin2009cAsym_brainmask.nii.gz
...calculating EPI mask coverage...
...saving coverage data...
...Done!
Mask: sub-119_task-rest_bold_space-MNI152NLin2009cAsym_brainmask.nii.gz
...calculating EPI mask coverage...
...saving coverage data...
...Done!
Mask: sub-119_task-DistractWM_run-09_bold_space-MNI152NLin2009cAsym_brainmask.nii.gz
...calculating EPI mask coverage...
...saving coverage data...
...Done!
Mask: sub-119_task-DistractWM_run-10_bold_space-MNI152NLin2009cAsym_brainmask.nii.gz
...calculating EPI mask coverage...
...saving coverage data...
...Done!
Mask: sub-119_task-DistractWM_run-08_bold_space-MNI152NLin2009cAsym_brainmask.nii.gz
...calculating EPI mask coverage...
...saving coverage data...
...Done!
Subject 120...
Mask: sub-120_task-DistractWM_run-01_bold_space-MNI152NLin2009cAsym_brainmask.nii.gz
...calculating EPI mask coverage...
...saving coverage data...
...Done!
Mask: sub-120_task-DistractWM_run-02_bold_space-MNI152NLin2009cAsym_brainmask.nii.gz
...calculating EPI mask coverage...
...saving coverage data...
...Done!
Mask: sub-120_task-DistractWM_run-04_bold_space-MNI152NLin2009cAsym_brainmask.nii.gz
...calculating EPI mask coverage...
...saving coverage data...
...Done!
Mask: sub-120_task-DistractWM_run-06_bold_space-MNI152NLin2009cAsym_brainmask.nii.gz
...calculating EPI mask coverage...
...saving coverage data...
...Done!
Mask: sub-120_task-DistractWM_run-03_bold_space-MNI152NLin2009cAsym_brainmask.nii.gz
...calculating EPI mask coverage...
...saving coverage data...
...Done!
Mask: sub-120_task-DistractWM_run-05_bold_space-MNI152NLin2009cAsym_brainmask.nii.gz
...calculating EPI mask coverage...
...saving coverage data...
...Done!
Mask: sub-120_task-rest_bold_space-MNI152NLin2009cAsym_brainmask.nii.gz
...calculating EPI mask coverage...
...saving coverage data...
...Done!
Mask: sub-120_task-DistractWM_run-10_bold_space-MNI152NLin2009cAsym_brainmask.nii.gz
...calculating EPI mask coverage...
...saving coverage data...
...Done!
Mask: sub-120_task-DistractWM_run-09_bold_space-MNI152NLin2009cAsym_brainmask.nii.gz
...calculating EPI mask coverage...
...saving coverage data...
...Done!
Mask: sub-120_task-DistractWM_run-07_bold_space-MNI152NLin2009cAsym_brainmask.nii.gz
...calculating EPI mask coverage...
...saving coverage data...
...Done!
Mask: sub-120_task-DistractWM_run-08_bold_space-MNI152NLin2009cAsym_brainmask.nii.gz
...calculating EPI mask coverage...
...saving coverage data...
...Done!
Subject 121...
Mask: sub-121_task-DistractWM_run-05_bold_space-MNI152NLin2009cAsym_brainmask.nii.gz
...calculating EPI mask coverage...
...saving coverage data...
...Done!
Mask: sub-121_task-DistractWM_run-06_bold_space-MNI152NLin2009cAsym_brainmask.nii.gz
...calculating EPI mask coverage...
...saving coverage data...
...Done!
Mask: sub-121_task-DistractWM_run-07_bold_space-MNI152NLin2009cAsym_brainmask.nii.gz
...calculating EPI mask coverage...
...saving coverage data...
...Done!
Mask: sub-121_task-DistractWM_run-08_bold_space-MNI152NLin2009cAsym_brainmask.nii.gz
...calculating EPI mask coverage...
...saving coverage data...
...Done!
Mask: sub-121_task-DistractWM_run-09_bold_space-MNI152NLin2009cAsym_brainmask.nii.gz
...calculating EPI mask coverage...
...saving coverage data...
...Done!
Mask: sub-121_task-DistractWM_run-04_bold_space-MNI152NLin2009cAsym_brainmask.nii.gz
...calculating EPI mask coverage...
...saving coverage data...
...Done!
Mask: sub-121_task-DistractWM_run-02_bold_space-MNI152NLin2009cAsym_brainmask.nii.gz
...calculating EPI mask coverage...
...saving coverage data...
...Done!
Mask: sub-121_task-DistractWM_run-03_bold_space-MNI152NLin2009cAsym_brainmask.nii.gz
...calculating EPI mask coverage...
...saving coverage data...
...Done!
Mask: sub-121_task-rest_bold_space-MNI152NLin2009cAsym_brainmask.nii.gz
...calculating EPI mask coverage...
...saving coverage data...
...Done!
Mask: sub-121_task-DistractWM_run-01_bold_space-MNI152NLin2009cAsym_brainmask.nii.gz
...calculating EPI mask coverage...
...saving coverage data...
...Done!
Subject 122...
Mask: sub-122_task-DistractWM_run-09_bold_space-MNI152NLin2009cAsym_brainmask.nii.gz
...calculating EPI mask coverage...
...saving coverage data...
...Done!
Mask: sub-122_task-DistractWM_run-07_bold_space-MNI152NLin2009cAsym_brainmask.nii.gz
...calculating EPI mask coverage...
...saving coverage data...
...Done!
Mask: sub-122_task-DistractWM_run-06_bold_space-MNI152NLin2009cAsym_brainmask.nii.gz
...calculating EPI mask coverage...
...saving coverage data...
...Done!
Mask: sub-122_task-DistractWM_run-08_bold_space-MNI152NLin2009cAsym_brainmask.nii.gz
...calculating EPI mask coverage...
...saving coverage data...
...Done!
Mask: sub-122_task-DistractWM_run-10_bold_space-MNI152NLin2009cAsym_brainmask.nii.gz
...calculating EPI mask coverage...
...saving coverage data...
...Done!
Mask: sub-122_task-rest_bold_space-MNI152NLin2009cAsym_brainmask.nii.gz
...calculating EPI mask coverage...
...saving coverage data...
...Done!
Mask: sub-122_task-DistractWM_run-05_bold_space-MNI152NLin2009cAsym_brainmask.nii.gz
...calculating EPI mask coverage...
...saving coverage data...
...Done!
Mask: sub-122_task-DistractWM_run-03_bold_space-MNI152NLin2009cAsym_brainmask.nii.gz
...calculating EPI mask coverage...
...saving coverage data...
...Done!
Mask: sub-122_task-DistractWM_run-04_bold_space-MNI152NLin2009cAsym_brainmask.nii.gz
...calculating EPI mask coverage...
...saving coverage data...
...Done!
Mask: sub-122_task-DistractWM_run-02_bold_space-MNI152NLin2009cAsym_brainmask.nii.gz
...calculating EPI mask coverage...
...saving coverage data...
...Done!
Mask: sub-122_task-DistractWM_run-01_bold_space-MNI152NLin2009cAsym_brainmask.nii.gz
...calculating EPI mask coverage...
...saving coverage data...
...Done!
Subject 123...
Mask: sub-123_task-DistractWM_run-04_bold_space-MNI152NLin2009cAsym_brainmask.nii.gz
...calculating EPI mask coverage...
...saving coverage data...
...Done!
Mask: sub-123_task-DistractWM_run-02_bold_space-MNI152NLin2009cAsym_brainmask.nii.gz
...calculating EPI mask coverage...
...saving coverage data...
...Done!
Mask: sub-123_task-DistractWM_run-06_bold_space-MNI152NLin2009cAsym_brainmask.nii.gz
...calculating EPI mask coverage...
...saving coverage data...
...Done!
Mask: sub-123_task-DistractWM_run-03_bold_space-MNI152NLin2009cAsym_brainmask.nii.gz
...calculating EPI mask coverage...
...saving coverage data...
...Done!
Mask: sub-123_task-DistractWM_run-01_bold_space-MNI152NLin2009cAsym_brainmask.nii.gz
...calculating EPI mask coverage...
...saving coverage data...
...Done!
Mask: sub-123_task-DistractWM_run-05_bold_space-MNI152NLin2009cAsym_brainmask.nii.gz
...calculating EPI mask coverage...
...saving coverage data...
...Done!
Mask: sub-123_task-rest_bold_space-MNI152NLin2009cAsym_brainmask.nii.gz
...calculating EPI mask coverage...
...saving coverage data...
...Done!
Mask: sub-123_task-DistractWM_run-07_bold_space-MNI152NLin2009cAsym_brainmask.nii.gz
...calculating EPI mask coverage...
...saving coverage data...
...Done!
Mask: sub-123_task-DistractWM_run-08_bold_space-MNI152NLin2009cAsym_brainmask.nii.gz
...calculating EPI mask coverage...
...saving coverage data...
...Done!
Mask: sub-123_task-DistractWM_run-10_bold_space-MNI152NLin2009cAsym_brainmask.nii.gz
...calculating EPI mask coverage...
...saving coverage data...
...Done!
Mask: sub-123_task-DistractWM_run-09_bold_space-MNI152NLin2009cAsym_brainmask.nii.gz
...calculating EPI mask coverage...
...saving coverage data...
...Done!
