/home/despoB/dlurie/anaconda3/envs/sandbox/lib/python3.5/site-packages/scipy/ndimage/interpolation.py:462: UserWarning: The behaviour of affine_transform with a one-dimensional array supplied for the matrix parameter has changed in scipy 0.18.0.
  "The behaviour of affine_transform with a one-dimensional "
Subject 102...
Contrast: cond1_beta-series
...extracting Brainnetome beta series...
...computing correlation matrix...
...Done!
Contrast: cond2_beta-series
...extracting Brainnetome beta series...
...computing correlation matrix...
...Done!
Contrast: cond3_beta-series
...extracting Brainnetome beta series...
...computing correlation matrix...
...Done!
Contrast: cond4_beta-series
...extracting Brainnetome beta series...
...computing correlation matrix...
...Done!
Subject 103...
Contrast: cond1_beta-series
...extracting Brainnetome beta series...
...computing correlation matrix...
...Done!
Contrast: cond2_beta-series
...extracting Brainnetome beta series...
...computing correlation matrix...
...Done!
Contrast: cond3_beta-series
...extracting Brainnetome beta series...
...computing correlation matrix...
...Done!
Contrast: cond4_beta-series
...extracting Brainnetome beta series...
...computing correlation matrix...
...Done!
Subject 104...
Contrast: cond1_beta-series
...extracting Brainnetome beta series...
...computing correlation matrix...
...Done!
Contrast: cond2_beta-series
...extracting Brainnetome beta series...
...computing correlation matrix...
...Done!
Contrast: cond3_beta-series
...extracting Brainnetome beta series...
...computing correlation matrix...
...Done!
Contrast: cond4_beta-series
...extracting Brainnetome beta series...
...computing correlation matrix...
...Done!
Subject 105...
Contrast: cond1_beta-series
...extracting Brainnetome beta series...
...computing correlation matrix...
...Done!
Contrast: cond2_beta-series
...extracting Brainnetome beta series...
...computing correlation matrix...
...Done!
Contrast: cond3_beta-series
...extracting Brainnetome beta series...
...computing correlation matrix...
...Done!
Contrast: cond4_beta-series
...extracting Brainnetome beta series...
...computing correlation matrix...
...Done!
Subject 106...
Contrast: cond1_beta-series
...extracting Brainnetome beta series...
...computing correlation matrix...
...Done!
Contrast: cond2_beta-series
...extracting Brainnetome beta series...
...computing correlation matrix...
...Done!
Contrast: cond3_beta-series
...extracting Brainnetome beta series...
...computing correlation matrix...
...Done!
Contrast: cond4_beta-series
...extracting Brainnetome beta series...
...computing correlation matrix...
...Done!
Subject 107...
Contrast: cond1_beta-series
...extracting Brainnetome beta series...
...computing correlation matrix...
...Done!
Contrast: cond2_beta-series
...extracting Brainnetome beta series...
...computing correlation matrix...
...Done!
Contrast: cond3_beta-series
...extracting Brainnetome beta series...
...computing correlation matrix...
...Done!
Contrast: cond4_beta-series
...extracting Brainnetome beta series...
...computing correlation matrix...
...Done!
Subject 108...
Contrast: cond1_beta-series
...extracting Brainnetome beta series...
...computing correlation matrix...
...Done!
Contrast: cond2_beta-series
...extracting Brainnetome beta series...
...computing correlation matrix...
...Done!
Contrast: cond3_beta-series
...extracting Brainnetome beta series...
...computing correlation matrix...
...Done!
Contrast: cond4_beta-series
...extracting Brainnetome beta series...
...computing correlation matrix...
...Done!
Subject 109...
Contrast: cond1_beta-series
...extracting Brainnetome beta series...
...computing correlation matrix...
...Done!
Contrast: cond2_beta-series
...extracting Brainnetome beta series...
...computing correlation matrix...
...Done!
Contrast: cond3_beta-series
...extracting Brainnetome beta series...
...computing correlation matrix...
...Done!
Contrast: cond4_beta-series
...extracting Brainnetome beta series...
...computing correlation matrix...
...Done!
Subject 110...
Contrast: cond1_beta-series
...extracting Brainnetome beta series...
...computing correlation matrix...
...Done!
Contrast: cond2_beta-series
...extracting Brainnetome beta series...
...computing correlation matrix...
...Done!
Contrast: cond3_beta-series
...extracting Brainnetome beta series...
...computing correlation matrix...
...Done!
Contrast: cond4_beta-series
...extracting Brainnetome beta series...
...computing correlation matrix...
...Done!
Subject 111...
Subject 112...
Contrast: cond1_beta-series
...extracting Brainnetome beta series...
...computing correlation matrix...
...Done!
Contrast: cond2_beta-series
...extracting Brainnetome beta series...
...computing correlation matrix...
...Done!
Contrast: cond3_beta-series
...extracting Brainnetome beta series...
...computing correlation matrix...
...Done!
Contrast: cond4_beta-series
...extracting Brainnetome beta series...
...computing correlation matrix...
...Done!
Subject 113...
Contrast: cond1_beta-series
...extracting Brainnetome beta series...
...computing correlation matrix...
...Done!
Contrast: cond2_beta-series
...extracting Brainnetome beta series...
...computing correlation matrix...
...Done!
Contrast: cond3_beta-series
...extracting Brainnetome beta series...
...computing correlation matrix...
...Done!
Contrast: cond4_beta-series
...extracting Brainnetome beta series...
...computing correlation matrix...
...Done!
Subject 114...
Contrast: cond1_beta-series
...extracting Brainnetome beta series...
...computing correlation matrix...
...Done!
Contrast: cond2_beta-series
...extracting Brainnetome beta series...
...computing correlation matrix...
...Done!
Contrast: cond3_beta-series
...extracting Brainnetome beta series...
...computing correlation matrix...
...Done!
Contrast: cond4_beta-series
...extracting Brainnetome beta series...
...computing correlation matrix...
...Done!
Subject 115...
Contrast: cond1_beta-series
...extracting Brainnetome beta series...
...computing correlation matrix...
...Done!
Contrast: cond2_beta-series
...extracting Brainnetome beta series...
...computing correlation matrix...
...Done!
Contrast: cond3_beta-series
...extracting Brainnetome beta series...
...computing correlation matrix...
...Done!
Contrast: cond4_beta-series
...extracting Brainnetome beta series...
...computing correlation matrix...
...Done!
Subject 116...
Contrast: cond1_beta-series
...extracting Brainnetome beta series...
...computing correlation matrix...
...Done!
Contrast: cond2_beta-series
...extracting Brainnetome beta series...
...computing correlation matrix...
...Done!
Contrast: cond3_beta-series
...extracting Brainnetome beta series...
...computing correlation matrix...
...Done!
Contrast: cond4_beta-series
...extracting Brainnetome beta series...
...computing correlation matrix...
...Done!
Subject 117...
Contrast: cond1_beta-series
...extracting Brainnetome beta series...
...computing correlation matrix...
...Done!
Contrast: cond2_beta-series
...extracting Brainnetome beta series...
...computing correlation matrix...
...Done!
Contrast: cond3_beta-series
...extracting Brainnetome beta series...
...computing correlation matrix...
...Done!
Contrast: cond4_beta-series
...extracting Brainnetome beta series...
...computing correlation matrix...
...Done!
Subject 118...
Contrast: cond1_beta-series
...extracting Brainnetome beta series...
...computing correlation matrix...
...Done!
Contrast: cond2_beta-series
...extracting Brainnetome beta series...
...computing correlation matrix...
...Done!
Contrast: cond3_beta-series
...extracting Brainnetome beta series...
...computing correlation matrix...
...Done!
Contrast: cond4_beta-series
...extracting Brainnetome beta series...
...computing correlation matrix...
...Done!
Subject 119...
Contrast: cond1_beta-series
...extracting Brainnetome beta series...
...computing correlation matrix...
...Done!
Contrast: cond2_beta-series
...extracting Brainnetome beta series...
...computing correlation matrix...
...Done!
Contrast: cond3_beta-series
...extracting Brainnetome beta series...
...computing correlation matrix...
...Done!
Contrast: cond4_beta-series
...extracting Brainnetome beta series...
...computing correlation matrix...
...Done!
Subject 120...
Contrast: cond1_beta-series
...extracting Brainnetome beta series...
...computing correlation matrix...
...Done!
Contrast: cond2_beta-series
...extracting Brainnetome beta series...
...computing correlation matrix...
...Done!
Contrast: cond3_beta-series
...extracting Brainnetome beta series...
...computing correlation matrix...
...Done!
Contrast: cond4_beta-series
...extracting Brainnetome beta series...
...computing correlation matrix...
...Done!
Subject 121...
Contrast: cond1_beta-series
...extracting Brainnetome beta series...
...computing correlation matrix...
...Done!
Contrast: cond2_beta-series
...extracting Brainnetome beta series...
...computing correlation matrix...
...Done!
Contrast: cond3_beta-series
...extracting Brainnetome beta series...
...computing correlation matrix...
...Done!
Contrast: cond4_beta-series
...extracting Brainnetome beta series...
...computing correlation matrix...
...Done!
Subject 122...
Contrast: cond1_beta-series
...extracting Brainnetome beta series...
...computing correlation matrix...
...Done!
Contrast: cond2_beta-series
...extracting Brainnetome beta series...
...computing correlation matrix...
...Done!
Contrast: cond3_beta-series
...extracting Brainnetome beta series...
...computing correlation matrix...
...Done!
Contrast: cond4_beta-series
...extracting Brainnetome beta series...
...computing correlation matrix...
...Done!
Subject 123...
Contrast: cond1_beta-series
...extracting Brainnetome beta series...
...computing correlation matrix...
...Done!
Contrast: cond2_beta-series
...extracting Brainnetome beta series...
...computing correlation matrix...
...Done!
Contrast: cond3_beta-series
...extracting Brainnetome beta series...
...computing correlation matrix...
...Done!
Contrast: cond4_beta-series
...extracting Brainnetome beta series...
...computing correlation matrix...
...Done!
