Subject 102...
Scan: sub-102_task-DistractWM_run-02_bold_space-MNI152NLin2009cAsym_preproc.nii.gz
...extracting Brainnetome timeseries...
...computing correlation matrix...
...Done!
Scan: sub-102_task-DistractWM_run-03_bold_space-MNI152NLin2009cAsym_preproc.nii.gz
...extracting Brainnetome timeseries...
...computing correlation matrix...
...Done!
Scan: sub-102_task-DistractWM_run-04_bold_space-MNI152NLin2009cAsym_preproc.nii.gz
...extracting Brainnetome timeseries...
...computing correlation matrix...
...Done!
Scan: sub-102_task-DistractWM_run-05_bold_space-MNI152NLin2009cAsym_preproc.nii.gz
...extracting Brainnetome timeseries...
...computing correlation matrix...
...Done!
Scan: sub-102_task-DistractWM_run-06_bold_space-MNI152NLin2009cAsym_preproc.nii.gz
...extracting Brainnetome timeseries...
...computing correlation matrix...
...Done!
Scan: sub-102_task-DistractWM_run-01_bold_space-MNI152NLin2009cAsym_preproc.nii.gz
...extracting Brainnetome timeseries...
...computing correlation matrix...
...Done!
Scan: sub-102_task-DistractWM_run-07_bold_space-MNI152NLin2009cAsym_preproc.nii.gz
...extracting Brainnetome timeseries...
...computing correlation matrix...
...Done!
Scan: sub-102_task-DistractWM_run-08_bold_space-MNI152NLin2009cAsym_preproc.nii.gz
...extracting Brainnetome timeseries...
...computing correlation matrix...
...Done!
Scan: sub-102_task-rest_bold_space-MNI152NLin2009cAsym_preproc.nii.gz
...extracting Brainnetome timeseries...
...computing correlation matrix...
...Done!
Subject 103...
Scan: sub-103_task-DistractWM_run-01_bold_space-MNI152NLin2009cAsym_preproc.nii.gz
...extracting Brainnetome timeseries...
...computing correlation matrix...
...Done!
Scan: sub-103_task-DistractWM_run-02_bold_space-MNI152NLin2009cAsym_preproc.nii.gz
...extracting Brainnetome timeseries...
...computing correlation matrix...
...Done!
Scan: sub-103_task-DistractWM_run-03_bold_space-MNI152NLin2009cAsym_preproc.nii.gz
...extracting Brainnetome timeseries...
...computing correlation matrix...
...Done!
Scan: sub-103_task-DistractWM_run-04_bold_space-MNI152NLin2009cAsym_preproc.nii.gz
...extracting Brainnetome timeseries...
...computing correlation matrix...
...Done!
Scan: sub-103_task-DistractWM_run-05_bold_space-MNI152NLin2009cAsym_preproc.nii.gz
...extracting Brainnetome timeseries...
...computing correlation matrix...
...Done!
Scan: sub-103_task-DistractWM_run-06_bold_space-MNI152NLin2009cAsym_preproc.nii.gz
...extracting Brainnetome timeseries...
...computing correlation matrix...
...Done!
Scan: sub-103_task-DistractWM_run-07_bold_space-MNI152NLin2009cAsym_preproc.nii.gz
...extracting Brainnetome timeseries...
...computing correlation matrix...
...Done!
Scan: sub-103_task-DistractWM_run-08_bold_space-MNI152NLin2009cAsym_preproc.nii.gz
...extracting Brainnetome timeseries...
...computing correlation matrix...
...Done!
Scan: sub-103_task-rest_bold_space-MNI152NLin2009cAsym_preproc.nii.gz
...extracting Brainnetome timeseries...
...computing correlation matrix...
...Done!
Subject 104...
Scan: sub-104_task-DistractWM_run-04_bold_space-MNI152NLin2009cAsym_preproc.nii.gz
...extracting Brainnetome timeseries...
...computing correlation matrix...
...Done!
Scan: sub-104_task-DistractWM_run-06_bold_space-MNI152NLin2009cAsym_preproc.nii.gz
...extracting Brainnetome timeseries...
...computing correlation matrix...
...Done!
Scan: sub-104_task-DistractWM_run-05_bold_space-MNI152NLin2009cAsym_preproc.nii.gz
...extracting Brainnetome timeseries...
...computing correlation matrix...
...Done!
Scan: sub-104_task-DistractWM_run-03_bold_space-MNI152NLin2009cAsym_preproc.nii.gz
...extracting Brainnetome timeseries...
...computing correlation matrix...
...Done!
Scan: sub-104_task-DistractWM_run-02_bold_space-MNI152NLin2009cAsym_preproc.nii.gz
...extracting Brainnetome timeseries...
...computing correlation matrix...
...Done!
Scan: sub-104_task-DistractWM_run-01_bold_space-MNI152NLin2009cAsym_preproc.nii.gz
...extracting Brainnetome timeseries...
...computing correlation matrix...
...Done!
Scan: sub-104_task-DistractWM_run-07_bold_space-MNI152NLin2009cAsym_preproc.nii.gz
...extracting Brainnetome timeseries...
...computing correlation matrix...
...Done!
Scan: sub-104_task-DistractWM_run-08_bold_space-MNI152NLin2009cAsym_preproc.nii.gz
...extracting Brainnetome timeseries...
...computing correlation matrix...
...Done!
Scan: sub-104_task-DistractWM_run-09_bold_space-MNI152NLin2009cAsym_preproc.nii.gz
...extracting Brainnetome timeseries...
...computing correlation matrix...
...Done!
Scan: sub-104_task-DistractWM_run-10_bold_space-MNI152NLin2009cAsym_preproc.nii.gz
...extracting Brainnetome timeseries...
...computing correlation matrix...
...Done!
Scan: sub-104_task-rest_bold_space-MNI152NLin2009cAsym_preproc.nii.gz
...extracting Brainnetome timeseries...
...computing correlation matrix...
...Done!
Subject 105...
Scan: sub-105_task-DistractWM_run-01_bold_space-MNI152NLin2009cAsym_preproc.nii.gz
...extracting Brainnetome timeseries...
...computing correlation matrix...
...Done!
Scan: sub-105_task-DistractWM_run-02_bold_space-MNI152NLin2009cAsym_preproc.nii.gz
...extracting Brainnetome timeseries...
...computing correlation matrix...
...Done!
Scan: sub-105_task-DistractWM_run-03_bold_space-MNI152NLin2009cAsym_preproc.nii.gz
...extracting Brainnetome timeseries...
...computing correlation matrix...
...Done!
Scan: sub-105_task-DistractWM_run-04_bold_space-MNI152NLin2009cAsym_preproc.nii.gz
...extracting Brainnetome timeseries...
...computing correlation matrix...
...Done!
Scan: sub-105_task-DistractWM_run-05_bold_space-MNI152NLin2009cAsym_preproc.nii.gz
...extracting Brainnetome timeseries...
...computing correlation matrix...
...Done!
Scan: sub-105_task-DistractWM_run-06_bold_space-MNI152NLin2009cAsym_preproc.nii.gz
...extracting Brainnetome timeseries...
...computing correlation matrix...
...Done!
Scan: sub-105_task-DistractWM_run-07_bold_space-MNI152NLin2009cAsym_preproc.nii.gz
...extracting Brainnetome timeseries...
...computing correlation matrix...
...Done!
Scan: sub-105_task-DistractWM_run-08_bold_space-MNI152NLin2009cAsym_preproc.nii.gz
...extracting Brainnetome timeseries...
...computing correlation matrix...
...Done!
Scan: sub-105_task-DistractWM_run-09_bold_space-MNI152NLin2009cAsym_preproc.nii.gz
...extracting Brainnetome timeseries...
...computing correlation matrix...
...Done!
Scan: sub-105_task-DistractWM_run-10_bold_space-MNI152NLin2009cAsym_preproc.nii.gz
...extracting Brainnetome timeseries...
...computing correlation matrix...
...Done!
Scan: sub-105_task-rest_bold_space-MNI152NLin2009cAsym_preproc.nii.gz
...extracting Brainnetome timeseries...
...computing correlation matrix...
...Done!
Subject 106...
Scan: sub-106_task-DistractWM_run-01_bold_space-MNI152NLin2009cAsym_preproc.nii.gz
...extracting Brainnetome timeseries...
...computing correlation matrix...
...Done!
Scan: sub-106_task-DistractWM_run-02_bold_space-MNI152NLin2009cAsym_preproc.nii.gz
...extracting Brainnetome timeseries...
...computing correlation matrix...
...Done!
Scan: sub-106_task-DistractWM_run-03_bold_space-MNI152NLin2009cAsym_preproc.nii.gz
...extracting Brainnetome timeseries...
...computing correlation matrix...
...Done!
Scan: sub-106_task-DistractWM_run-04_bold_space-MNI152NLin2009cAsym_preproc.nii.gz
...extracting Brainnetome timeseries...
...computing correlation matrix...
...Done!
Scan: sub-106_task-DistractWM_run-05_bold_space-MNI152NLin2009cAsym_preproc.nii.gz
...extracting Brainnetome timeseries...
...computing correlation matrix...
...Done!
Scan: sub-106_task-DistractWM_run-06_bold_space-MNI152NLin2009cAsym_preproc.nii.gz
...extracting Brainnetome timeseries...
...computing correlation matrix...
...Done!
Scan: sub-106_task-DistractWM_run-07_bold_space-MNI152NLin2009cAsym_preproc.nii.gz
...extracting Brainnetome timeseries...
...computing correlation matrix...
...Done!
Scan: sub-106_task-DistractWM_run-08_bold_space-MNI152NLin2009cAsym_preproc.nii.gz
...extracting Brainnetome timeseries...
...computing correlation matrix...
...Done!
Scan: sub-106_task-DistractWM_run-09_bold_space-MNI152NLin2009cAsym_preproc.nii.gz
...extracting Brainnetome timeseries...
...computing correlation matrix...
...Done!
Scan: sub-106_task-DistractWM_run-10_bold_space-MNI152NLin2009cAsym_preproc.nii.gz
...extracting Brainnetome timeseries...
...computing correlation matrix...
...Done!
Scan: sub-106_task-rest_bold_space-MNI152NLin2009cAsym_preproc.nii.gz
...extracting Brainnetome timeseries...
...computing correlation matrix...
...Done!
Subject 107...
Scan: sub-107_task-DistractWM_run-01_bold_space-MNI152NLin2009cAsym_preproc.nii.gz
...extracting Brainnetome timeseries...
...computing correlation matrix...
...Done!
Scan: sub-107_task-DistractWM_run-02_bold_space-MNI152NLin2009cAsym_preproc.nii.gz
...extracting Brainnetome timeseries...
...computing correlation matrix...
...Done!
Scan: sub-107_task-DistractWM_run-03_bold_space-MNI152NLin2009cAsym_preproc.nii.gz
...extracting Brainnetome timeseries...
...computing correlation matrix...
...Done!
Scan: sub-107_task-DistractWM_run-04_bold_space-MNI152NLin2009cAsym_preproc.nii.gz
...extracting Brainnetome timeseries...
...computing correlation matrix...
...Done!
Scan: sub-107_task-DistractWM_run-05_bold_space-MNI152NLin2009cAsym_preproc.nii.gz
...extracting Brainnetome timeseries...
...computing correlation matrix...
...Done!
Scan: sub-107_task-DistractWM_run-06_bold_space-MNI152NLin2009cAsym_preproc.nii.gz
...extracting Brainnetome timeseries...
...computing correlation matrix...
...Done!
Scan: sub-107_task-DistractWM_run-07_bold_space-MNI152NLin2009cAsym_preproc.nii.gz
...extracting Brainnetome timeseries...
...computing correlation matrix...
...Done!
Scan: sub-107_task-DistractWM_run-08_bold_space-MNI152NLin2009cAsym_preproc.nii.gz
...extracting Brainnetome timeseries...
...computing correlation matrix...
...Done!
Scan: sub-107_task-DistractWM_run-09_bold_space-MNI152NLin2009cAsym_preproc.nii.gz
...extracting Brainnetome timeseries...
...computing correlation matrix...
...Done!
Scan: sub-107_task-DistractWM_run-10_bold_space-MNI152NLin2009cAsym_preproc.nii.gz
...extracting Brainnetome timeseries...
...computing correlation matrix...
...Done!
Scan: sub-107_task-rest_bold_space-MNI152NLin2009cAsym_preproc.nii.gz
...extracting Brainnetome timeseries...
...computing correlation matrix...
...Done!
Subject 108...
Scan: sub-108_task-DistractWM_run-01_bold_space-MNI152NLin2009cAsym_preproc.nii.gz
...extracting Brainnetome timeseries...
...computing correlation matrix...
...Done!
Scan: sub-108_task-DistractWM_run-02_bold_space-MNI152NLin2009cAsym_preproc.nii.gz
...extracting Brainnetome timeseries...
...computing correlation matrix...
...Done!
Scan: sub-108_task-DistractWM_run-03_bold_space-MNI152NLin2009cAsym_preproc.nii.gz
...extracting Brainnetome timeseries...
...computing correlation matrix...
...Done!
Scan: sub-108_task-DistractWM_run-04_bold_space-MNI152NLin2009cAsym_preproc.nii.gz
...extracting Brainnetome timeseries...
...computing correlation matrix...
...Done!
Scan: sub-108_task-DistractWM_run-05_bold_space-MNI152NLin2009cAsym_preproc.nii.gz
...extracting Brainnetome timeseries...
...computing correlation matrix...
...Done!
Scan: sub-108_task-DistractWM_run-06_bold_space-MNI152NLin2009cAsym_preproc.nii.gz
...extracting Brainnetome timeseries...
...computing correlation matrix...
...Done!
Scan: sub-108_task-DistractWM_run-07_bold_space-MNI152NLin2009cAsym_preproc.nii.gz
...extracting Brainnetome timeseries...
...computing correlation matrix...
...Done!
Scan: sub-108_task-DistractWM_run-08_bold_space-MNI152NLin2009cAsym_preproc.nii.gz
...extracting Brainnetome timeseries...
...computing correlation matrix...
...Done!
Scan: sub-108_task-DistractWM_run-09_bold_space-MNI152NLin2009cAsym_preproc.nii.gz
...extracting Brainnetome timeseries...
...computing correlation matrix...
...Done!
Scan: sub-108_task-DistractWM_run-10_bold_space-MNI152NLin2009cAsym_preproc.nii.gz
...extracting Brainnetome timeseries...
...computing correlation matrix...
...Done!
Scan: sub-108_task-rest_bold_space-MNI152NLin2009cAsym_preproc.nii.gz
...extracting Brainnetome timeseries...
...computing correlation matrix...
...Done!
Subject 109...
Scan: sub-109_task-DistractWM_run-02_bold_space-MNI152NLin2009cAsym_preproc.nii.gz
...extracting Brainnetome timeseries...
...computing correlation matrix...
...Done!
Scan: sub-109_task-DistractWM_run-01_bold_space-MNI152NLin2009cAsym_preproc.nii.gz
...extracting Brainnetome timeseries...
...computing correlation matrix...
...Done!
Scan: sub-109_task-DistractWM_run-06_bold_space-MNI152NLin2009cAsym_preproc.nii.gz
...extracting Brainnetome timeseries...
...computing correlation matrix...
...Done!
Scan: sub-109_task-DistractWM_run-04_bold_space-MNI152NLin2009cAsym_preproc.nii.gz
...extracting Brainnetome timeseries...
...computing correlation matrix...
...Done!
Scan: sub-109_task-DistractWM_run-03_bold_space-MNI152NLin2009cAsym_preproc.nii.gz
...extracting Brainnetome timeseries...
...computing correlation matrix...
...Done!
Scan: sub-109_task-DistractWM_run-05_bold_space-MNI152NLin2009cAsym_preproc.nii.gz
...extracting Brainnetome timeseries...
...computing correlation matrix...
...Done!
Scan: sub-109_task-DistractWM_run-07_bold_space-MNI152NLin2009cAsym_preproc.nii.gz
...extracting Brainnetome timeseries...
...computing correlation matrix...
...Done!
Scan: sub-109_task-DistractWM_run-08_bold_space-MNI152NLin2009cAsym_preproc.nii.gz
...extracting Brainnetome timeseries...
...computing correlation matrix...
...Done!
Scan: sub-109_task-DistractWM_run-09_bold_space-MNI152NLin2009cAsym_preproc.nii.gz
...extracting Brainnetome timeseries...
...computing correlation matrix...
...Done!
Scan: sub-109_task-DistractWM_run-10_bold_space-MNI152NLin2009cAsym_preproc.nii.gz
...extracting Brainnetome timeseries...
...computing correlation matrix...
...Done!
Scan: sub-109_task-rest_bold_space-MNI152NLin2009cAsym_preproc.nii.gz
...extracting Brainnetome timeseries...
...computing correlation matrix...
...Done!
Subject 110...
Scan: sub-110_task-DistractWM_run-01_bold_space-MNI152NLin2009cAsym_preproc.nii.gz
...extracting Brainnetome timeseries...
...computing correlation matrix...
...Done!
Scan: sub-110_task-DistractWM_run-02_bold_space-MNI152NLin2009cAsym_preproc.nii.gz
...extracting Brainnetome timeseries...
...computing correlation matrix...
...Done!
Scan: sub-110_task-DistractWM_run-03_bold_space-MNI152NLin2009cAsym_preproc.nii.gz
...extracting Brainnetome timeseries...
...computing correlation matrix...
...Done!
Scan: sub-110_task-DistractWM_run-04_bold_space-MNI152NLin2009cAsym_preproc.nii.gz
...extracting Brainnetome timeseries...
...computing correlation matrix...
...Done!
Scan: sub-110_task-DistractWM_run-05_bold_space-MNI152NLin2009cAsym_preproc.nii.gz
...extracting Brainnetome timeseries...
...computing correlation matrix...
...Done!
Scan: sub-110_task-DistractWM_run-06_bold_space-MNI152NLin2009cAsym_preproc.nii.gz
...extracting Brainnetome timeseries...
...computing correlation matrix...
...Done!
Scan: sub-110_task-DistractWM_run-07_bold_space-MNI152NLin2009cAsym_preproc.nii.gz
...extracting Brainnetome timeseries...
...computing correlation matrix...
...Done!
Scan: sub-110_task-rest_bold_space-MNI152NLin2009cAsym_preproc.nii.gz
...extracting Brainnetome timeseries...
...computing correlation matrix...
...Done!
Subject 111...
Scan: sub-111_task-DistractWM_run-06_bold_space-MNI152NLin2009cAsym_preproc.nii.gz
...extracting Brainnetome timeseries...
...computing correlation matrix...
...Done!
Scan: sub-111_task-DistractWM_run-07_bold_space-MNI152NLin2009cAsym_preproc.nii.gz
...extracting Brainnetome timeseries...
...computing correlation matrix...
...Done!
Scan: sub-111_task-DistractWM_run-05_bold_space-MNI152NLin2009cAsym_preproc.nii.gz
...extracting Brainnetome timeseries...
...computing correlation matrix...
...Done!
Scan: sub-111_task-rest_bold_space-MNI152NLin2009cAsym_preproc.nii.gz
...extracting Brainnetome timeseries...
...computing correlation matrix...
...Done!
Scan: sub-111_task-DistractWM_run-03_bold_space-MNI152NLin2009cAsym_preproc.nii.gz
...extracting Brainnetome timeseries...
...computing correlation matrix...
...Done!
Scan: sub-111_task-DistractWM_run-04_bold_space-MNI152NLin2009cAsym_preproc.nii.gz
...extracting Brainnetome timeseries...
...computing correlation matrix...
...Done!
Scan: sub-111_task-DistractWM_run-02_bold_space-MNI152NLin2009cAsym_preproc.nii.gz
...extracting Brainnetome timeseries...
...computing correlation matrix...
...Done!
Scan: sub-111_task-DistractWM_run-01_bold_space-MNI152NLin2009cAsym_preproc.nii.gz
...extracting Brainnetome timeseries...
...computing correlation matrix...
...Done!
Subject 112...
Scan: sub-112_task-DistractWM_run-01_bold_space-MNI152NLin2009cAsym_preproc.nii.gz
...extracting Brainnetome timeseries...
...computing correlation matrix...
...Done!
Scan: sub-112_task-DistractWM_run-02_bold_space-MNI152NLin2009cAsym_preproc.nii.gz
...extracting Brainnetome timeseries...
...computing correlation matrix...
...Done!
Scan: sub-112_task-DistractWM_run-03_bold_space-MNI152NLin2009cAsym_preproc.nii.gz
...extracting Brainnetome timeseries...
...computing correlation matrix...
...Done!
Scan: sub-112_task-DistractWM_run-04_bold_space-MNI152NLin2009cAsym_preproc.nii.gz
...extracting Brainnetome timeseries...
...computing correlation matrix...
...Done!
Scan: sub-112_task-DistractWM_run-05_bold_space-MNI152NLin2009cAsym_preproc.nii.gz
...extracting Brainnetome timeseries...
...computing correlation matrix...
...Done!
Scan: sub-112_task-DistractWM_run-06_bold_space-MNI152NLin2009cAsym_preproc.nii.gz
...extracting Brainnetome timeseries...
...computing correlation matrix...
...Done!
Scan: sub-112_task-DistractWM_run-08_bold_space-MNI152NLin2009cAsym_preproc.nii.gz
...extracting Brainnetome timeseries...
...computing correlation matrix...
...Done!
Scan: sub-112_task-DistractWM_run-09_bold_space-MNI152NLin2009cAsym_preproc.nii.gz
...extracting Brainnetome timeseries...
...computing correlation matrix...
...Done!
Scan: sub-112_task-DistractWM_run-07_bold_space-MNI152NLin2009cAsym_preproc.nii.gz
...extracting Brainnetome timeseries...
...computing correlation matrix...
...Done!
Scan: sub-112_task-DistractWM_run-10_bold_space-MNI152NLin2009cAsym_preproc.nii.gz
...extracting Brainnetome timeseries...
...computing correlation matrix...
...Done!
Scan: sub-112_task-rest_bold_space-MNI152NLin2009cAsym_preproc.nii.gz
...extracting Brainnetome timeseries...
...computing correlation matrix...
...Done!
Subject 113...
Scan: sub-113_task-DistractWM_run-01_bold_space-MNI152NLin2009cAsym_preproc.nii.gz
...extracting Brainnetome timeseries...
...computing correlation matrix...
...Done!
Scan: sub-113_task-DistractWM_run-02_bold_space-MNI152NLin2009cAsym_preproc.nii.gz
...extracting Brainnetome timeseries...
...computing correlation matrix...
...Done!
Scan: sub-113_task-DistractWM_run-03_bold_space-MNI152NLin2009cAsym_preproc.nii.gz
...extracting Brainnetome timeseries...
...computing correlation matrix...
...Done!
Scan: sub-113_task-rest_bold_space-MNI152NLin2009cAsym_preproc.nii.gz
...extracting Brainnetome timeseries...
...computing correlation matrix...
...Done!
Subject 114...
Scan: sub-114_task-DistractWM_run-02_bold_space-MNI152NLin2009cAsym_preproc.nii.gz
...extracting Brainnetome timeseries...
...computing correlation matrix...
...Done!
Scan: sub-114_task-DistractWM_run-03_bold_space-MNI152NLin2009cAsym_preproc.nii.gz
...extracting Brainnetome timeseries...
...computing correlation matrix...
...Done!
Scan: sub-114_task-DistractWM_run-04_bold_space-MNI152NLin2009cAsym_preproc.nii.gz
...extracting Brainnetome timeseries...
...computing correlation matrix...
...Done!
Scan: sub-114_task-DistractWM_run-05_bold_space-MNI152NLin2009cAsym_preproc.nii.gz
...extracting Brainnetome timeseries...
...computing correlation matrix...
...Done!
Scan: sub-114_task-DistractWM_run-06_bold_space-MNI152NLin2009cAsym_preproc.nii.gz
...extracting Brainnetome timeseries...
...computing correlation matrix...
...Done!
Scan: sub-114_task-DistractWM_run-01_bold_space-MNI152NLin2009cAsym_preproc.nii.gz
...extracting Brainnetome timeseries...
...computing correlation matrix...
...Done!
Scan: sub-114_task-DistractWM_run-07_bold_space-MNI152NLin2009cAsym_preproc.nii.gz
...extracting Brainnetome timeseries...
...computing correlation matrix...
...Done!
Scan: sub-114_task-DistractWM_run-08_bold_space-MNI152NLin2009cAsym_preproc.nii.gz
...extracting Brainnetome timeseries...
...computing correlation matrix...
...Done!
Scan: sub-114_task-DistractWM_run-09_bold_space-MNI152NLin2009cAsym_preproc.nii.gz
...extracting Brainnetome timeseries...
...computing correlation matrix...
...Done!
Scan: sub-114_task-DistractWM_run-10_bold_space-MNI152NLin2009cAsym_preproc.nii.gz
...extracting Brainnetome timeseries...
...computing correlation matrix...
...Done!
Scan: sub-114_task-rest_bold_space-MNI152NLin2009cAsym_preproc.nii.gz
...extracting Brainnetome timeseries...
...computing correlation matrix...
...Done!
Subject 115...
Scan: sub-115_task-DistractWM_run-01_bold_space-MNI152NLin2009cAsym_preproc.nii.gz
...extracting Brainnetome timeseries...
...computing correlation matrix...
...Done!
Scan: sub-115_task-DistractWM_run-02_bold_space-MNI152NLin2009cAsym_preproc.nii.gz
...extracting Brainnetome timeseries...
...computing correlation matrix...
...Done!
Scan: sub-115_task-DistractWM_run-03_bold_space-MNI152NLin2009cAsym_preproc.nii.gz
...extracting Brainnetome timeseries...
...computing correlation matrix...
...Done!
Scan: sub-115_task-DistractWM_run-04_bold_space-MNI152NLin2009cAsym_preproc.nii.gz
...extracting Brainnetome timeseries...
...computing correlation matrix...
...Done!
Scan: sub-115_task-DistractWM_run-06_bold_space-MNI152NLin2009cAsym_preproc.nii.gz
...extracting Brainnetome timeseries...
...computing correlation matrix...
...Done!
Scan: sub-115_task-DistractWM_run-05_bold_space-MNI152NLin2009cAsym_preproc.nii.gz
...extracting Brainnetome timeseries...
...computing correlation matrix...
...Done!
Scan: sub-115_task-DistractWM_run-07_bold_space-MNI152NLin2009cAsym_preproc.nii.gz
...extracting Brainnetome timeseries...
...computing correlation matrix...
...Done!
Scan: sub-115_task-DistractWM_run-08_bold_space-MNI152NLin2009cAsym_preproc.nii.gz
...extracting Brainnetome timeseries...
...computing correlation matrix...
...Done!
Scan: sub-115_task-DistractWM_run-09_bold_space-MNI152NLin2009cAsym_preproc.nii.gz
...extracting Brainnetome timeseries...
...computing correlation matrix...
...Done!
Scan: sub-115_task-DistractWM_run-10_bold_space-MNI152NLin2009cAsym_preproc.nii.gz
...extracting Brainnetome timeseries...
...computing correlation matrix...
...Done!
Scan: sub-115_task-rest_bold_space-MNI152NLin2009cAsym_preproc.nii.gz
...extracting Brainnetome timeseries...
...computing correlation matrix...
...Done!
Subject 116...
Scan: sub-116_task-DistractWM_run-02_bold_space-MNI152NLin2009cAsym_preproc.nii.gz
...extracting Brainnetome timeseries...
...computing correlation matrix...
...Done!
Scan: sub-116_task-DistractWM_run-03_bold_space-MNI152NLin2009cAsym_preproc.nii.gz
...extracting Brainnetome timeseries...
...computing correlation matrix...
...Done!
Scan: sub-116_task-DistractWM_run-04_bold_space-MNI152NLin2009cAsym_preproc.nii.gz
...extracting Brainnetome timeseries...
...computing correlation matrix...
...Done!
Scan: sub-116_task-DistractWM_run-05_bold_space-MNI152NLin2009cAsym_preproc.nii.gz
...extracting Brainnetome timeseries...
...computing correlation matrix...
...Done!
Scan: sub-116_task-DistractWM_run-06_bold_space-MNI152NLin2009cAsym_preproc.nii.gz
...extracting Brainnetome timeseries...
...computing correlation matrix...
...Done!
Scan: sub-116_task-DistractWM_run-01_bold_space-MNI152NLin2009cAsym_preproc.nii.gz
...extracting Brainnetome timeseries...
...computing correlation matrix...
...Done!
Scan: sub-116_task-DistractWM_run-07_bold_space-MNI152NLin2009cAsym_preproc.nii.gz
...extracting Brainnetome timeseries...
...computing correlation matrix...
...Done!
Scan: sub-116_task-DistractWM_run-08_bold_space-MNI152NLin2009cAsym_preproc.nii.gz
...extracting Brainnetome timeseries...
...computing correlation matrix...
...Done!
Scan: sub-116_task-DistractWM_run-09_bold_space-MNI152NLin2009cAsym_preproc.nii.gz
...extracting Brainnetome timeseries...
...computing correlation matrix...
...Done!
Scan: sub-116_task-DistractWM_run-10_bold_space-MNI152NLin2009cAsym_preproc.nii.gz
...extracting Brainnetome timeseries...
...computing correlation matrix...
...Done!
Scan: sub-116_task-rest_bold_space-MNI152NLin2009cAsym_preproc.nii.gz
...extracting Brainnetome timeseries...
...computing correlation matrix...
...Done!
Subject 117...
Scan: sub-117_task-DistractWM_run-06_bold_space-MNI152NLin2009cAsym_preproc.nii.gz
...extracting Brainnetome timeseries...
...computing correlation matrix...
...Done!
Scan: sub-117_task-DistractWM_run-07_bold_space-MNI152NLin2009cAsym_preproc.nii.gz
...extracting Brainnetome timeseries...
...computing correlation matrix...
...Done!
Scan: sub-117_task-DistractWM_run-08_bold_space-MNI152NLin2009cAsym_preproc.nii.gz
...extracting Brainnetome timeseries...
...computing correlation matrix...
...Done!
Scan: sub-117_task-DistractWM_run-09_bold_space-MNI152NLin2009cAsym_preproc.nii.gz
...extracting Brainnetome timeseries...
...computing correlation matrix...
...Done!
Scan: sub-117_task-DistractWM_run-10_bold_space-MNI152NLin2009cAsym_preproc.nii.gz
...extracting Brainnetome timeseries...
...computing correlation matrix...
...Done!
Scan: sub-117_task-rest_bold_space-MNI152NLin2009cAsym_preproc.nii.gz
...extracting Brainnetome timeseries...
...computing correlation matrix...
...Done!
Scan: sub-117_task-DistractWM_run-03_bold_space-MNI152NLin2009cAsym_preproc.nii.gz
...extracting Brainnetome timeseries...
...computing correlation matrix...
...Done!
Scan: sub-117_task-DistractWM_run-02_bold_space-MNI152NLin2009cAsym_preproc.nii.gz
...extracting Brainnetome timeseries...
...computing correlation matrix...
...Done!
Scan: sub-117_task-DistractWM_run-04_bold_space-MNI152NLin2009cAsym_preproc.nii.gz
...extracting Brainnetome timeseries...
...computing correlation matrix...
...Done!
Scan: sub-117_task-DistractWM_run-05_bold_space-MNI152NLin2009cAsym_preproc.nii.gz
...extracting Brainnetome timeseries...
...computing correlation matrix...
...Done!
Scan: sub-117_task-DistractWM_run-01_bold_space-MNI152NLin2009cAsym_preproc.nii.gz
...extracting Brainnetome timeseries...
...computing correlation matrix...
...Done!
Subject 118...
Scan: sub-118_task-DistractWM_run-01_bold_space-MNI152NLin2009cAsym_preproc.nii.gz
...extracting Brainnetome timeseries...
...computing correlation matrix...
...Done!
Scan: sub-118_task-DistractWM_run-02_bold_space-MNI152NLin2009cAsym_preproc.nii.gz
...extracting Brainnetome timeseries...
...computing correlation matrix...
...Done!
Scan: sub-118_task-DistractWM_run-03_bold_space-MNI152NLin2009cAsym_preproc.nii.gz
...extracting Brainnetome timeseries...
...computing correlation matrix...
...Done!
Scan: sub-118_task-DistractWM_run-04_bold_space-MNI152NLin2009cAsym_preproc.nii.gz
...extracting Brainnetome timeseries...
...computing correlation matrix...
...Done!
Scan: sub-118_task-DistractWM_run-05_bold_space-MNI152NLin2009cAsym_preproc.nii.gz
...extracting Brainnetome timeseries...
...computing correlation matrix...
...Done!
Scan: sub-118_task-DistractWM_run-06_bold_space-MNI152NLin2009cAsym_preproc.nii.gz
...extracting Brainnetome timeseries...
...computing correlation matrix...
...Done!
Scan: sub-118_task-DistractWM_run-07_bold_space-MNI152NLin2009cAsym_preproc.nii.gz
...extracting Brainnetome timeseries...
...computing correlation matrix...
...Done!
Scan: sub-118_task-DistractWM_run-08_bold_space-MNI152NLin2009cAsym_preproc.nii.gz
...extracting Brainnetome timeseries...
...computing correlation matrix...
...Done!
Scan: sub-118_task-DistractWM_run-09_bold_space-MNI152NLin2009cAsym_preproc.nii.gz
...extracting Brainnetome timeseries...
...computing correlation matrix...
...Done!
Scan: sub-118_task-DistractWM_run-10_bold_space-MNI152NLin2009cAsym_preproc.nii.gz
...extracting Brainnetome timeseries...
...computing correlation matrix...
...Done!
Scan: sub-118_task-rest_bold_space-MNI152NLin2009cAsym_preproc.nii.gz
...extracting Brainnetome timeseries...
...computing correlation matrix...
...Done!
Subject 119...
Scan: sub-119_task-DistractWM_run-01_bold_space-MNI152NLin2009cAsym_preproc.nii.gz
...extracting Brainnetome timeseries...
...computing correlation matrix...
...Done!
Scan: sub-119_task-DistractWM_run-03_bold_space-MNI152NLin2009cAsym_preproc.nii.gz
...extracting Brainnetome timeseries...
...computing correlation matrix...
...Done!
Scan: sub-119_task-DistractWM_run-02_bold_space-MNI152NLin2009cAsym_preproc.nii.gz
...extracting Brainnetome timeseries...
...computing correlation matrix...
...Done!
Scan: sub-119_task-DistractWM_run-06_bold_space-MNI152NLin2009cAsym_preproc.nii.gz
...extracting Brainnetome timeseries...
...computing correlation matrix...
...Done!
Scan: sub-119_task-DistractWM_run-04_bold_space-MNI152NLin2009cAsym_preproc.nii.gz
...extracting Brainnetome timeseries...
...computing correlation matrix...
...Done!
Scan: sub-119_task-DistractWM_run-05_bold_space-MNI152NLin2009cAsym_preproc.nii.gz
...extracting Brainnetome timeseries...
...computing correlation matrix...
...Done!
Scan: sub-119_task-DistractWM_run-07_bold_space-MNI152NLin2009cAsym_preproc.nii.gz
...extracting Brainnetome timeseries...
...computing correlation matrix...
...Done!
Scan: sub-119_task-DistractWM_run-09_bold_space-MNI152NLin2009cAsym_preproc.nii.gz
...extracting Brainnetome timeseries...
...computing correlation matrix...
...Done!
Scan: sub-119_task-DistractWM_run-10_bold_space-MNI152NLin2009cAsym_preproc.nii.gz
...extracting Brainnetome timeseries...
...computing correlation matrix...
...Done!
Scan: sub-119_task-DistractWM_run-08_bold_space-MNI152NLin2009cAsym_preproc.nii.gz
...extracting Brainnetome timeseries...
...computing correlation matrix...
...Done!
Scan: sub-119_task-rest_bold_space-MNI152NLin2009cAsym_preproc.nii.gz
...extracting Brainnetome timeseries...
...computing correlation matrix...
...Done!
Subject 120...
Scan: sub-120_task-DistractWM_run-01_bold_space-MNI152NLin2009cAsym_preproc.nii.gz
...extracting Brainnetome timeseries...
...computing correlation matrix...
...Done!
Scan: sub-120_task-DistractWM_run-02_bold_space-MNI152NLin2009cAsym_preproc.nii.gz
...extracting Brainnetome timeseries...
...computing correlation matrix...
...Done!
Scan: sub-120_task-DistractWM_run-03_bold_space-MNI152NLin2009cAsym_preproc.nii.gz
...extracting Brainnetome timeseries...
...computing correlation matrix...
...Done!
Scan: sub-120_task-DistractWM_run-04_bold_space-MNI152NLin2009cAsym_preproc.nii.gz
...extracting Brainnetome timeseries...
...computing correlation matrix...
...Done!
Scan: sub-120_task-DistractWM_run-05_bold_space-MNI152NLin2009cAsym_preproc.nii.gz
...extracting Brainnetome timeseries...
...computing correlation matrix...
...Done!
Scan: sub-120_task-DistractWM_run-06_bold_space-MNI152NLin2009cAsym_preproc.nii.gz
...extracting Brainnetome timeseries...
...computing correlation matrix...
...Done!
Scan: sub-120_task-DistractWM_run-07_bold_space-MNI152NLin2009cAsym_preproc.nii.gz
...extracting Brainnetome timeseries...
...computing correlation matrix...
...Done!
Scan: sub-120_task-DistractWM_run-08_bold_space-MNI152NLin2009cAsym_preproc.nii.gz
...extracting Brainnetome timeseries...
...computing correlation matrix...
...Done!
Scan: sub-120_task-DistractWM_run-09_bold_space-MNI152NLin2009cAsym_preproc.nii.gz
...extracting Brainnetome timeseries...
...computing correlation matrix...
...Done!
Scan: sub-120_task-DistractWM_run-10_bold_space-MNI152NLin2009cAsym_preproc.nii.gz
...extracting Brainnetome timeseries...
...computing correlation matrix...
...Done!
Scan: sub-120_task-rest_bold_space-MNI152NLin2009cAsym_preproc.nii.gz
...extracting Brainnetome timeseries...
...computing correlation matrix...
...Done!
Subject 121...
Scan: sub-121_task-DistractWM_run-05_bold_space-MNI152NLin2009cAsym_preproc.nii.gz
...extracting Brainnetome timeseries...
...computing correlation matrix...
...Done!
Scan: sub-121_task-DistractWM_run-06_bold_space-MNI152NLin2009cAsym_preproc.nii.gz
...extracting Brainnetome timeseries...
...computing correlation matrix...
...Done!
Scan: sub-121_task-DistractWM_run-07_bold_space-MNI152NLin2009cAsym_preproc.nii.gz
...extracting Brainnetome timeseries...
...computing correlation matrix...
...Done!
Scan: sub-121_task-DistractWM_run-08_bold_space-MNI152NLin2009cAsym_preproc.nii.gz
...extracting Brainnetome timeseries...
...computing correlation matrix...
...Done!
Scan: sub-121_task-DistractWM_run-09_bold_space-MNI152NLin2009cAsym_preproc.nii.gz
...extracting Brainnetome timeseries...
...computing correlation matrix...
...Done!
Scan: sub-121_task-DistractWM_run-02_bold_space-MNI152NLin2009cAsym_preproc.nii.gz
...extracting Brainnetome timeseries...
...computing correlation matrix...
...Done!
Scan: sub-121_task-DistractWM_run-03_bold_space-MNI152NLin2009cAsym_preproc.nii.gz
...extracting Brainnetome timeseries...
...computing correlation matrix...
...Done!
Scan: sub-121_task-DistractWM_run-04_bold_space-MNI152NLin2009cAsym_preproc.nii.gz
...extracting Brainnetome timeseries...
...computing correlation matrix...
...Done!
Scan: sub-121_task-rest_bold_space-MNI152NLin2009cAsym_preproc.nii.gz
...extracting Brainnetome timeseries...
...computing correlation matrix...
...Done!
Scan: sub-121_task-DistractWM_run-01_bold_space-MNI152NLin2009cAsym_preproc.nii.gz
...extracting Brainnetome timeseries...
...computing correlation matrix...
...Done!
Subject 122...
Scan: sub-122_task-DistractWM_run-06_bold_space-MNI152NLin2009cAsym_preproc.nii.gz
...extracting Brainnetome timeseries...
...computing correlation matrix...
...Done!
Scan: sub-122_task-DistractWM_run-07_bold_space-MNI152NLin2009cAsym_preproc.nii.gz
...extracting Brainnetome timeseries...
...computing correlation matrix...
...Done!
Scan: sub-122_task-DistractWM_run-08_bold_space-MNI152NLin2009cAsym_preproc.nii.gz
...extracting Brainnetome timeseries...
...computing correlation matrix...
...Done!
Scan: sub-122_task-DistractWM_run-09_bold_space-MNI152NLin2009cAsym_preproc.nii.gz
...extracting Brainnetome timeseries...
...computing correlation matrix...
...Done!
Scan: sub-122_task-DistractWM_run-10_bold_space-MNI152NLin2009cAsym_preproc.nii.gz
...extracting Brainnetome timeseries...
...computing correlation matrix...
...Done!
Scan: sub-122_task-rest_bold_space-MNI152NLin2009cAsym_preproc.nii.gz
...extracting Brainnetome timeseries...
...computing correlation matrix...
...Done!
Scan: sub-122_task-DistractWM_run-03_bold_space-MNI152NLin2009cAsym_preproc.nii.gz
...extracting Brainnetome timeseries...
...computing correlation matrix...
...Done!
Scan: sub-122_task-DistractWM_run-04_bold_space-MNI152NLin2009cAsym_preproc.nii.gz
...extracting Brainnetome timeseries...
...computing correlation matrix...
...Done!
Scan: sub-122_task-DistractWM_run-02_bold_space-MNI152NLin2009cAsym_preproc.nii.gz
...extracting Brainnetome timeseries...
...computing correlation matrix...
...Done!
Scan: sub-122_task-DistractWM_run-05_bold_space-MNI152NLin2009cAsym_preproc.nii.gz
...extracting Brainnetome timeseries...
...computing correlation matrix...
...Done!
Scan: sub-122_task-DistractWM_run-01_bold_space-MNI152NLin2009cAsym_preproc.nii.gz
...extracting Brainnetome timeseries...
...computing correlation matrix...
...Done!
Subject 123...
Scan: sub-123_task-DistractWM_run-01_bold_space-MNI152NLin2009cAsym_preproc.nii.gz
...extracting Brainnetome timeseries...
...computing correlation matrix...
...Done!
Scan: sub-123_task-DistractWM_run-02_bold_space-MNI152NLin2009cAsym_preproc.nii.gz
...extracting Brainnetome timeseries...
...computing correlation matrix...
...Done!
Scan: sub-123_task-DistractWM_run-03_bold_space-MNI152NLin2009cAsym_preproc.nii.gz
...extracting Brainnetome timeseries...
...computing correlation matrix...
...Done!
Scan: sub-123_task-DistractWM_run-04_bold_space-MNI152NLin2009cAsym_preproc.nii.gz
...extracting Brainnetome timeseries...
...computing correlation matrix...
...Done!
Scan: sub-123_task-DistractWM_run-05_bold_space-MNI152NLin2009cAsym_preproc.nii.gz
...extracting Brainnetome timeseries...
...computing correlation matrix...
...Done!
Scan: sub-123_task-DistractWM_run-06_bold_space-MNI152NLin2009cAsym_preproc.nii.gz
...extracting Brainnetome timeseries...
...computing correlation matrix...
...Done!
Scan: sub-123_task-DistractWM_run-07_bold_space-MNI152NLin2009cAsym_preproc.nii.gz
...extracting Brainnetome timeseries...
...computing correlation matrix...
...Done!
Scan: sub-123_task-DistractWM_run-08_bold_space-MNI152NLin2009cAsym_preproc.nii.gz
...extracting Brainnetome timeseries...
...computing correlation matrix...
...Done!
Scan: sub-123_task-DistractWM_run-09_bold_space-MNI152NLin2009cAsym_preproc.nii.gz
...extracting Brainnetome timeseries...
...computing correlation matrix...
...Done!
Scan: sub-123_task-DistractWM_run-10_bold_space-MNI152NLin2009cAsym_preproc.nii.gz
...extracting Brainnetome timeseries...
...computing correlation matrix...
...Done!
Scan: sub-123_task-rest_bold_space-MNI152NLin2009cAsym_preproc.nii.gz
...extracting Brainnetome timeseries...
...computing correlation matrix...
...Done!
